[2024-12-03 14:04:59] This is codeql execute queries -J-Xmx1800M --off-heap-ram=1564 --verbosity=progress --logdir=/Users/haeirn/devsecops_project/codeql-db/javascript/potato/log --evaluator-log-level=5 --warnings=show --dynamic-join-order-mode=none --qlconfig-file=/Users/haeirn/devsecops_project/qlconfig.yml --no-rerun --interpret-passthrough=null,--format=sarif-latest,-o=/Users/haeirn/devsecops_project/results/javascript/results.sarif,--max-paths=4,--csv-location-format=line-column,--print-diagnostics-summary,--print-metrics-summary,--qlconfig-file=/Users/haeirn/devsecops_project/qlconfig.yml,--,/Users/haeirn/devsecops_project/codeql-db/javascript/potato,codeql-repo/javascript/ql/Security --output=/Users/haeirn/devsecops_project/codeql-db/javascript/potato/results -- /Users/haeirn/devsecops_project/codeql-db/javascript/potato/db-javascript codeql-repo/javascript/ql/Security
[2024-12-03 14:04:59] Calling plumbing command: codeql resolve queries --qlconfig-file=/Users/haeirn/devsecops_project/qlconfig.yml --format=json -- codeql-repo/javascript/ql/Security
[2024-12-03 14:04:59] Exception caught at top level: codeql-repo/javascript/ql/Security is not a .ql file, .qls file, a directory, or a query pack specification.
                      com.semmle.cli2.resolve.ResolveQueriesCommand.resolveQuerySpecifier(ResolveQueriesCommand.java:305)
                      com.semmle.cli2.resolve.ResolveQueriesCommand.executeJSON(ResolveQueriesCommand.java:211)
                      com.semmle.cli2.resolve.ResolveQueriesCommand.executeJSON(ResolveQueriesCommand.java:68)
                      com.semmle.cli2.picocli.SimpleJsonSubcommand.executeInsistingOnJSONWithExistingMessages(SimpleJsonSubcommand.java:121)
                      com.semmle.cli2.picocli.SubcommandCommon.withCompilationMessages(SubcommandCommon.java:443)
                      com.semmle.cli2.picocli.SimpleJsonSubcommand.executeInsistingOnJSON(SimpleJsonSubcommand.java:110)
                      com.semmle.cli2.picocli.PlumbingRunner.call(PlumbingRunner.java:61)
                      com.semmle.cli2.picocli.SubcommandCommon.callPlumbingInProcess(SubcommandCommon.java:169)
                      com.semmle.cli2.execute.ExecuteQueriesCommand.executeSubcommand(ExecuteQueriesCommand.java:428)
                      com.semmle.cli2.picocli.SubcommandCommon.lambda$executeSubcommandWithMessages$5(SubcommandCommon.java:893)
                      com.semmle.cli2.picocli.SubcommandCommon.withCompilationMessages(SubcommandCommon.java:443)
                      com.semmle.cli2.picocli.SubcommandCommon.executeSubcommandWithMessages(SubcommandCommon.java:891)
                      com.semmle.cli2.picocli.SubcommandCommon.toplevelMain(SubcommandCommon.java:775)
                      com.semmle.cli2.picocli.SubcommandCommon.call(SubcommandCommon.java:756)
                      com.semmle.cli2.picocli.SubcommandMaker.runMain(SubcommandMaker.java:238)
                      com.semmle.cli2.picocli.SubcommandMaker.runMain(SubcommandMaker.java:259)
                      com.semmle.cli2.CodeQL.main(CodeQL.java:115)
